{
  "stats": {
    "suites": 1,
    "tests": 1,
    "passes": 1,
    "pending": 0,
    "failures": 0,
    "start": "2025-08-13T10:22:29.453Z",
    "end": "2025-08-13T10:22:51.479Z",
    "duration": 22026,
    "testsRegistered": 1,
    "passPercent": 100,
    "pendingPercent": 0,
    "other": 0,
    "hasOther": false,
    "skipped": 0,
    "hasSkipped": false
  },
  "results": [
    {
      "uuid": "aaa368db-2607-48ac-b02b-5c8eda751d25",
      "title": "",
      "fullFile": "cypress\\e2e\\pom-framework\\integration-flow\\login_flow.cy.js",
      "file": "cypress\\e2e\\pom-framework\\integration-flow\\login_flow.cy.js",
      "beforeHooks": [],
      "afterHooks": [],
      "tests": [],
      "suites": [
        {
          "uuid": "6288a9b2-b394-4f72-abd0-e2815888278d",
          "title": "Login with Mobile Number and OTP",
          "fullFile": "",
          "file": "",
          "beforeHooks": [],
          "afterHooks": [],
          "tests": [
            {
              "title": "Login with Mobile Number and OTP",
              "fullTitle": "Login with Mobile Number and OTP Login with Mobile Number and OTP",
              "timedOut": null,
              "duration": 21947,
              "state": "passed",
              "speed": "slow",
              "pass": true,
              "fail": false,
              "pending": false,
              "context": "{\n  \"title\": \"cypress-mochawesome-reporter-videos-passed\",\n  \"value\": \"cypress\\\\e2e\\\\pom-framework\\\\integration-flow\\\\login_flow.cy.js\"\n}",
              "code": "cy.visitHomePage('9991004781', '4781');",
              "err": {},
              "uuid": "15fd6875-51e5-4375-8143-6a7c06c2aa1f",
              "parentUUID": "6288a9b2-b394-4f72-abd0-e2815888278d",
              "isHook": false,
              "skipped": false
            }
          ],
          "suites": [],
          "passes": [
            "15fd6875-51e5-4375-8143-6a7c06c2aa1f"
          ],
          "failures": [],
          "pending": [],
          "skipped": [],
          "duration": 21947,
          "root": false,
          "rootEmpty": false,
          "_timeout": 2000
        }
      ],
      "passes": [],
      "failures": [],
      "pending": [],
      "skipped": [],
      "duration": 0,
      "root": true,
      "rootEmpty": true,
      "_timeout": 2000
    }
  ],
  "meta": {
    "mocha": {
      "version": "7.2.0"
    },
    "mochawesome": {
      "options": {
        "quiet": false,
        "reportFilename": "mochawesome",
        "saveHtml": false,
        "saveJson": true,
        "consoleReporter": "spec",
        "useInlineDiffs": false,
        "code": true
      },
      "version": "7.1.3"
    },
    "marge": {
      "options": {
        "charts": true,
        "reportPageTitle": "Docflix Checklist Report",
        "inlineAssets": true,
        "saveAllAttempts": false,
        "videoOnFailOnly": true,
        "embeddedScreenshots": true,
        "overwrite": false,
        "html": false,
        "json": true,
        "reportDir": "cypress\\reports\\html\\.jsons"
      },
      "version": "6.2.0"
    }
  }
}